2023-02-17 04:34:04,184 - INFO - IDR stream initialized
2023-02-17 04:34:04,240 - INFO - CellProfiler metadata has been converted and saved
2023-02-17 04:34:04,301 - INFO - Aspera downloader initialized
2023-02-17 04:34:07,424 - INFO - Basicpy preprocessor initialized
2023-02-17 04:34:07,453 - INFO - Copied metadata file for CellProfiler run to use
2023-02-17 04:34:08,374 - INFO - Running IDR stream with: 
batch_size 3 
start_batch 0 
batches 2248
2023-02-17 04:34:08,375 - INFO - Profiling batch 0 with CellProfiler
2023-02-17 04:34:08,375 - INFO - Processing well A4 from LT0001_02, frames [50]
2023-02-17 04:34:14,702 - INFO - well_movie_path: ../tmp/downloads/LT0001_02/00004_01.ch5
2023-02-17 04:34:19,406 - INFO - Saved corrected frames
2023-02-17 04:34:19,406 - INFO - Processing well A15 from LT0001_02, frames [50]
2023-02-17 04:34:25,825 - INFO - well_movie_path: ../tmp/downloads/LT0001_02/00015_01.ch5
2023-02-17 04:34:30,235 - INFO - Saved corrected frames
2023-02-17 04:34:30,235 - INFO - Processing well B2 from LT0001_02, frames [50]
2023-02-17 04:34:36,744 - INFO - well_movie_path: ../tmp/downloads/LT0001_02/00026_01.ch5
2023-02-17 04:34:40,305 - INFO - Saved corrected frames
2023-02-17 04:35:04,526 - INFO - CellProfiler run done
2023-02-17 04:35:04,628 - INFO - Batch features compiled for CellProfiler features
2023-02-17 04:35:04,630 - INFO - Temporary batch files cleared
2023-02-17 04:35:04,630 - INFO - Profiling batch 1 with CellProfiler
2023-02-17 04:35:04,631 - INFO - Processing well C1 from LT0001_02, frames [50]
2023-02-17 04:35:10,964 - INFO - well_movie_path: ../tmp/downloads/LT0001_02/00049_01.ch5
2023-02-17 04:35:14,507 - INFO - Saved corrected frames
2023-02-17 04:35:14,507 - INFO - Processing well C4 from LT0001_02, frames [50]
2023-02-17 04:35:22,691 - INFO - well_movie_path: ../tmp/downloads/LT0001_02/00052_01.ch5
2023-02-17 04:35:26,605 - INFO - Saved corrected frames
2023-02-17 04:35:26,605 - INFO - Processing well C15 from LT0001_02, frames [50]
2023-02-17 04:35:32,491 - INFO - well_movie_path: ../tmp/downloads/LT0001_02/00063_01.ch5
2023-02-17 04:35:36,075 - INFO - Saved corrected frames
2023-02-17 04:35:59,787 - INFO - CellProfiler run done
2023-02-17 04:35:59,874 - INFO - Batch features compiled for CellProfiler features
2023-02-17 04:35:59,877 - INFO - Temporary batch files cleared
2023-02-17 04:35:59,877 - INFO - Profiling batch 2 with CellProfiler
2023-02-17 04:35:59,877 - INFO - Processing well D2 from LT0001_02, frames [50]
2023-02-17 04:36:06,486 - INFO - well_movie_path: ../tmp/downloads/LT0001_02/00074_01.ch5
2023-02-17 04:36:10,340 - INFO - Saved corrected frames
2023-02-17 04:36:10,340 - INFO - Processing well M16 from LT0001_02, frames [50]
2023-02-17 04:36:16,528 - INFO - well_movie_path: ../tmp/downloads/LT0001_02/00304_01.ch5
2023-02-17 04:36:19,203 - INFO - Saved corrected frames
2023-02-17 04:36:19,203 - INFO - Processing well N3 from LT0001_02, frames [50]
2023-02-17 04:36:25,238 - INFO - well_movie_path: ../tmp/downloads/LT0001_02/00315_01.ch5
2023-02-17 04:36:27,711 - INFO - Saved corrected frames
2023-02-17 04:36:51,316 - INFO - CellProfiler run done
2023-02-17 04:36:51,389 - INFO - Batch features compiled for CellProfiler features
2023-02-17 04:36:51,391 - INFO - Temporary batch files cleared
2023-02-17 04:36:51,427 - INFO - Stream run done!
2023-02-20 12:01:36,819 - INFO - IDR stream initialized
2023-02-20 12:01:36,879 - INFO - CellProfiler metadata has been converted and saved
2023-02-20 12:01:36,961 - INFO - Aspera downloader initialized
2023-02-20 12:05:03,752 - INFO - IDR stream initialized
2023-02-20 12:05:03,801 - INFO - CellProfiler metadata has been converted and saved
2023-02-20 12:05:03,899 - INFO - Aspera downloader initialized
2023-02-20 12:05:06,851 - INFO - Basicpy preprocessor initialized
2023-02-20 12:05:06,896 - INFO - Copied metadata file for CellProfiler run to use
2023-02-20 12:05:07,830 - INFO - Running IDR stream with: 
batch_size 1 
start_batch 0 
batches 3853
2023-02-20 12:05:07,831 - INFO - Profiling batch 0 with CellProfiler
2023-02-20 12:05:07,832 - INFO - Processing well A15 from LT0001_02, frames [43]
2023-02-20 12:05:15,222 - INFO - Movie downloaded to: ../tmp/downloads/LT0001_02/00015_01.ch5
2023-02-20 12:05:19,691 - INFO - Saved corrected frames
2023-02-20 12:05:31,185 - INFO - CellProfiler run done
2023-02-20 12:05:31,222 - INFO - Batch features compiled for CellProfiler features
2023-02-20 12:05:31,223 - INFO - Temporary batch files cleared
2023-02-20 12:05:31,279 - INFO - Stream run done in 23.448575973510742 seconds!
2023-02-20 12:08:17,826 - INFO - IDR stream initialized
2023-02-20 12:08:17,862 - INFO - CellProfiler metadata has been converted and saved
2023-02-20 12:08:17,922 - INFO - Aspera downloader initialized
2023-02-20 12:08:20,816 - INFO - Basicpy preprocessor initialized
2023-02-20 12:08:20,839 - INFO - Copied metadata file for CellProfiler run to use
2023-02-20 12:08:21,754 - INFO - Running IDR stream with: 
batch_size 1 
start_batch 0 
batches 3853
2023-02-20 12:08:21,755 - INFO - Profiling batch 0 with CellProfiler
2023-02-20 12:08:21,756 - INFO - Processing well A15 from LT0001_02, frames [43]
2023-02-20 12:08:28,519 - INFO - Movie downloaded to: ../tmp/downloads/LT0001_02/00015_01.ch5
2023-02-20 12:08:32,931 - INFO - Saved corrected frames
2023-02-20 12:08:44,749 - INFO - CellProfiler run done
2023-02-20 12:08:44,790 - INFO - Batch features compiled for CellProfiler features
2023-02-20 12:08:44,790 - INFO - Temporary batch files cleared
2023-02-20 12:08:44,845 - INFO - Stream run done in 23.090752363204956 seconds!
2023-02-20 12:09:24,108 - INFO - IDR stream initialized
2023-02-20 12:09:24,146 - INFO - CellProfiler metadata has been converted and saved
2023-02-20 12:09:24,252 - INFO - Aspera downloader initialized
2023-02-20 12:09:27,461 - INFO - Basicpy preprocessor initialized
2023-02-20 12:09:27,479 - INFO - Copied metadata file for CellProfiler run to use
2023-02-20 12:09:28,363 - INFO - Running IDR stream with: 
batch_size 1 
start_batch 0 
batches 3853
2023-02-20 12:09:28,364 - INFO - Profiling batch 0 with CellProfiler
2023-02-20 12:09:28,364 - INFO - Processing well A15 from LT0001_02, frames [43]
2023-02-20 12:09:35,455 - INFO - Movie downloaded to: ../tmp/downloads/LT0001_02/00015_01.ch5
2023-02-20 12:09:40,429 - INFO - Saved corrected frames
2023-02-20 12:09:52,328 - INFO - CellProfiler run done
2023-02-20 12:09:52,366 - INFO - Batch features compiled for CellProfiler features
2023-02-20 12:09:52,422 - INFO - Stream run done in 24.058446168899536 seconds!
2023-02-20 12:11:31,627 - INFO - IDR stream initialized
2023-02-20 12:11:31,695 - INFO - CellProfiler metadata has been converted and saved
2023-02-20 12:11:31,755 - INFO - Aspera downloader initialized
2023-02-20 12:11:34,623 - INFO - Basicpy preprocessor initialized
2023-02-20 12:11:34,647 - INFO - Copied metadata file for CellProfiler run to use
2023-02-20 12:11:35,537 - INFO - Running IDR stream with: 
batch_size 1 
start_batch 0 
batches 6743
2023-02-20 12:11:35,537 - INFO - Profiling batch 0 with CellProfiler
2023-02-20 12:11:35,538 - INFO - Processing well A4 from LT0001_02, frames [50]
2023-02-20 12:11:42,071 - INFO - Movie downloaded to: ../tmp_working/downloads/LT0001_02/00004_01.ch5
2023-02-20 12:11:46,097 - INFO - Saved corrected frames
2023-02-20 12:11:57,910 - INFO - CellProfiler run done
2023-02-20 12:11:57,950 - INFO - Batch features compiled for CellProfiler features
2023-02-20 12:11:58,048 - INFO - Stream run done in 22.510937690734863 seconds!
2023-02-20 12:31:09,784 - INFO - IDR stream initialized
2023-02-20 12:31:09,918 - INFO - CellProfiler metadata has been converted and saved
2023-02-20 12:31:10,038 - INFO - Aspera downloader initialized
2023-02-20 12:31:13,086 - INFO - Basicpy preprocessor initialized
2023-02-20 12:31:13,119 - INFO - Copied metadata file for CellProfiler run to use
2023-02-20 12:31:14,054 - INFO - Running IDR stream with: 
batch_size 1 
start_batch 0 
batches 6743
2023-02-20 12:31:14,054 - INFO - Profiling batch 0 with CellProfiler
2023-02-20 12:31:14,055 - INFO - Processing well A4 from LT0001_02, frames [50]
2023-02-20 12:31:20,750 - INFO - Movie downloaded to: ../tmp_working/downloads/LT0001_02/00004_01.ch5
2023-02-20 12:31:24,864 - INFO - Saved corrected frames
2023-02-20 12:31:36,955 - INFO - CellProfiler run done
2023-02-20 12:31:36,972 - INFO - Error while profiling batch 0:
2023-02-20 12:31:36,972 - ERROR - "['Metadata_Well'] not found in axis"
2023-02-20 12:31:37,066 - INFO - Stream run done in 23.011833429336548 seconds!
