2023-02-21 15:44:33,921 - INFO - IDR stream initialized
2023-02-21 15:44:33,951 - INFO - Aspera downloader initialized
2023-02-21 15:44:36,918 - INFO - Basicpy preprocessor initialized
2023-02-21 15:44:37,631 - INFO - CellPose segmentor initialized
2023-02-21 15:44:37,669 - INFO - Copied Deep Profiler config and checkpoint files
2023-02-21 15:44:37,698 - INFO - Running IDR stream with: 
batch_size 3 
start_batch 0 
batches 1285 
batch nums [0, 1, 2] 
extra metadata []
2023-02-21 15:44:37,698 - INFO - Profiling batch 0 with DeepProfiler
2023-02-21 15:44:37,698 - INFO - Processing well A15 from LT0001_02, frames [43]
2023-02-21 15:44:44,796 - INFO - Movie downloaded to ../tmp/downloads/LT0001_02/00015_01.ch5
2023-02-21 15:44:48,253 - INFO - Saved corrected frames
2023-02-21 15:44:53,008 - INFO - Saved nuclei locations
2023-02-21 15:44:53,008 - INFO - Processing well B2 from LT0001_02, frames [46]
2023-02-21 15:44:59,215 - INFO - Movie downloaded to ../tmp/downloads/LT0001_02/00026_01.ch5
2023-02-21 15:45:02,311 - INFO - Saved corrected frames
2023-02-21 15:45:05,402 - INFO - Saved nuclei locations
2023-02-21 15:45:05,402 - INFO - Processing well C15 from LT0001_02, frames [52]
2023-02-21 15:45:11,316 - INFO - Movie downloaded to ../tmp/downloads/LT0001_02/00063_01.ch5
2023-02-21 15:45:13,816 - INFO - Saved corrected frames
2023-02-21 15:45:16,582 - INFO - Saved nuclei locations
2023-02-21 15:45:16,583 - INFO - Compiled index.csv file to ../tmp/DP_project/inputs/metadata/index.csv
2023-02-21 15:45:25,517 - INFO - Deep Profiler run done
2023-02-21 15:45:25,541 - INFO - Batch features compiled with PyCytominer
2023-02-21 15:45:26,031 - INFO - Saved compiled batch features to example_extracted_features/DP_features/batch_0.csv.gz
2023-02-21 15:45:26,033 - INFO - Temporary batch files cleared
2023-02-21 15:45:26,033 - INFO - Profiling batch 1 with DeepProfiler
2023-02-21 15:45:26,033 - INFO - Processing well D2 from LT0001_02, frames [31]
2023-02-21 15:45:32,705 - INFO - Movie downloaded to ../tmp/downloads/LT0001_02/00074_01.ch5
2023-02-21 15:45:36,291 - INFO - Saved corrected frames
2023-02-21 15:45:39,170 - INFO - Saved nuclei locations
2023-02-21 15:45:39,170 - INFO - Processing well M16 from LT0001_02, frames [34]
2023-02-21 15:45:45,298 - INFO - Movie downloaded to ../tmp/downloads/LT0001_02/00304_01.ch5
2023-02-21 15:45:48,211 - INFO - Saved corrected frames
2023-02-21 15:45:50,852 - INFO - Saved nuclei locations
2023-02-21 15:45:50,852 - INFO - Processing well N3 from LT0001_02, frames [58]
2023-02-21 15:45:56,843 - INFO - Movie downloaded to ../tmp/downloads/LT0001_02/00315_01.ch5
2023-02-21 15:45:59,258 - INFO - Saved corrected frames
2023-02-21 15:46:01,997 - INFO - Saved nuclei locations
2023-02-21 15:46:01,998 - INFO - Compiled index.csv file to ../tmp/DP_project/inputs/metadata/index.csv
2023-02-21 15:46:10,393 - INFO - Deep Profiler run done
2023-02-21 15:46:10,413 - INFO - Batch features compiled with PyCytominer
2023-02-21 15:46:10,745 - INFO - Saved compiled batch features to example_extracted_features/DP_features/batch_1.csv.gz
2023-02-21 15:46:10,746 - INFO - Temporary batch files cleared
2023-02-21 15:46:10,746 - INFO - Profiling batch 2 with DeepProfiler
2023-02-21 15:46:10,746 - INFO - Processing well O16 from LT0001_02, frames [34]
2023-02-21 15:46:17,223 - INFO - Movie downloaded to ../tmp/downloads/LT0001_02/00352_01.ch5
2023-02-21 15:46:19,863 - INFO - Saved corrected frames
2023-02-21 15:46:22,470 - INFO - Saved nuclei locations
2023-02-21 15:46:22,470 - INFO - Processing well A15 from LT0001_09, frames [38]
2023-02-21 15:46:28,860 - INFO - Movie downloaded to ../tmp/downloads/LT0001_09/00015_01.ch5
2023-02-21 15:46:32,447 - INFO - Saved corrected frames
2023-02-21 15:46:34,741 - INFO - Saved nuclei locations
2023-02-21 15:46:34,741 - INFO - Processing well B2 from LT0001_09, frames [40]
2023-02-21 15:46:41,253 - INFO - Movie downloaded to ../tmp/downloads/LT0001_09/00026_01.ch5
2023-02-21 15:46:44,545 - INFO - Saved corrected frames
2023-02-21 15:46:46,941 - INFO - Saved nuclei locations
2023-02-21 15:46:46,942 - INFO - Compiled index.csv file to ../tmp/DP_project/inputs/metadata/index.csv
2023-02-21 15:46:55,576 - INFO - Deep Profiler run done
2023-02-21 15:46:55,595 - INFO - Batch features compiled with PyCytominer
2023-02-21 15:46:55,941 - INFO - Saved compiled batch features to example_extracted_features/DP_features/batch_2.csv.gz
2023-02-21 15:46:55,943 - INFO - Temporary batch files cleared
2023-02-21 15:46:55,961 - INFO - Stream run done in 138.26378726959229 seconds!
